
################################################################################
#
# This file has been generated by SpyGlass:
#     Report Name      : moresimple
#     Report Created by: u108061127
#     Report Created on:  Sat Nov 19 17:42:37 2022
#     Working Directory: /home/u108/u108061127/ICLAB/HW/HW4/EE4292_HW4_2022/hdl/spy
#     SpyGlass Version : SpyGlass_vR-2020.12-SP2
#     Policy Name      : SpyGlass(SpyGlass_vR-2020.12-SP2)
#                        clock-reset(SpyGlass_vR-2020.12-SP2)
#                        erc(SpyGlass_vR-2020.12-SP2)
#                        latch(SpyGlass_vR-2020.12-SP2)
#                        lint(SpyGlass_vR-2020.12-SP2)
#                        morelint(SpyGlass_vR-2020.12-SP2)
#                        openmore(SpyGlass_vR-2020.12-SP2)
#                        power_est(SpyGlass_vR-2020.12-SP2)
#                        simulation(SpyGlass_vR-2020.12-SP2)
#                        starc(SpyGlass_vR-2020.12-SP2)
#                        starc2005(SpyGlass_vR-2020.12-SP2)
#                        txv(SpyGlass_vR-2020.12-SP2)
#
#     Total Number of Generated Messages :         20
#     Number of Waived Messages          :          0
#     Number of Reported Messages        :         20
#     Number of Overlimit Messages       :          0
#
#
################################################################################

+++++++++++++++++++++++++++++++++++++++++++++++++++++++++++++++++++++++
MORESIMPLE REPORT:


############### BuiltIn -> RuleGroup=Design Read ###############
+++++++++++++++++++++++++++++++++++++++++++++++++++++++++++++++++++++++++++++++++++++++
ID       Rule                    Alias                   Severity    File                                                                     Line    Wt    Message
======================================================================================
[1]      DetectTopDesignUnits    DetectTopDesignUnits    Info        ../qrcode_decoder.v                                                      6       2     Module qrcode_decoder is a top level design unit
[0]      ElabSummary             ElabSummary             Info        ./spyglass-1/lint/lint_rtl/spyglass_reports/SpyGlass/elab_summary.rpt    0       2     Please refer file './spyglass-1/lint/lint_rtl/spyglass_reports/SpyGlass/elab_summary.rpt' for elab summary report
+++++++++++++++++++++++++++++++++++++++++++++++++++++++++++++++++++++++++++++++++++++++


############### Non-BuiltIn -> Goal=lint/lint_rtl ###############
+++++++++++++++++++++++++++++++++++++++++++++++++++++++++++++++++++++++++++++++++++++++
ID       Rule     Alias    Severity    File                   Line    Wt    Message
======================================================================================
[2]      W415a             Warning     ../qrcode_decoder.v    92      5     Signal n_state is being assigned multiple times ( previous assignment at line 82 ) in same always block [Hierarchy: ':qrcode_decoder']
[3]      W415a             Warning     ../qrcode_decoder.v    93      5     Signal n_loc_x is being assigned multiple times ( previous assignment at line 83 ) in same always block [Hierarchy: ':qrcode_decoder']
[4]      W415a             Warning     ../qrcode_decoder.v    94      5     Signal n_loc_y is being assigned multiple times ( previous assignment at line 84 ) in same always block [Hierarchy: ':qrcode_decoder']
[5]      W415a             Warning     ../qrcode_decoder.v    95      5     Signal n_sram_raddr is being assigned multiple times ( previous assignment at line 85 ) in same always block [Hierarchy: ':qrcode_decoder']
[6]      W415a             Warning     ../qrcode_decoder.v    102     5     Signal n_state is being assigned multiple times ( previous assignment at line 82 ) in same always block [Hierarchy: ':qrcode_decoder']
[7]      W415a             Warning     ../qrcode_decoder.v    103     5     Signal n_loc_x is being assigned multiple times ( previous assignment at line 83 ) in same always block [Hierarchy: ':qrcode_decoder']
[8]      W415a             Warning     ../qrcode_decoder.v    104     5     Signal n_loc_y is being assigned multiple times ( previous assignment at line 84 ) in same always block [Hierarchy: ':qrcode_decoder']
[9]      W415a             Warning     ../qrcode_decoder.v    105     5     Signal n_sram_raddr is being assigned multiple times ( previous assignment at line 85 ) in same always block [Hierarchy: ':qrcode_decoder']
[A]      W415a             Warning     ../qrcode_decoder.v    111     5     Signal n_state is being assigned multiple times ( previous assignment at line 82 ) in same always block [Hierarchy: ':qrcode_decoder']
[B]      W415a             Warning     ../qrcode_decoder.v    112     5     Signal n_loc_x is being assigned multiple times ( previous assignment at line 83 ) in same always block [Hierarchy: ':qrcode_decoder']
[C]      W415a             Warning     ../qrcode_decoder.v    113     5     Signal n_loc_y is being assigned multiple times ( previous assignment at line 84 ) in same always block [Hierarchy: ':qrcode_decoder']
[D]      W415a             Warning     ../qrcode_decoder.v    114     5     Signal n_sram_raddr is being assigned multiple times ( previous assignment at line 85 ) in same always block [Hierarchy: ':qrcode_decoder']
[E]      W415a             Warning     ../qrcode_decoder.v    120     5     Signal n_state is being assigned multiple times ( previous assignment at line 82 ) in same always block [Hierarchy: ':qrcode_decoder']
[F]      W415a             Warning     ../qrcode_decoder.v    121     5     Signal n_loc_x is being assigned multiple times ( previous assignment at line 83 ) in same always block [Hierarchy: ':qrcode_decoder']
[10]     W415a             Warning     ../qrcode_decoder.v    122     5     Signal n_loc_y is being assigned multiple times ( previous assignment at line 84 ) in same always block [Hierarchy: ':qrcode_decoder']
[11]     W415a             Warning     ../qrcode_decoder.v    123     5     Signal n_sram_raddr is being assigned multiple times ( previous assignment at line 85 ) in same always block [Hierarchy: ':qrcode_decoder']
[12]     W415a             Warning     ../qrcode_decoder.v    128     5     Signal n_state is being assigned multiple times ( previous assignment at line 82 ) in same always block [Hierarchy: ':qrcode_decoder']
[13]     W415a             Warning     ../qrcode_decoder.v    547     5     Signal length[0:7] is being assigned multiple times ( previous assignment at line 544 ) in same always block [Hierarchy: ':qrcode_decoder']
+++++++++++++++++++++++++++++++++++++++++++++++++++++++++++++++++++++++++++++++++++++++

################################################################################
#
# This file has been generated by SpyGlass:
#     Report Name      : moresimple
#     Report Created by: u108061127
#     Report Created on: Sat Nov 19 17:42:54 2022
#     Working Directory: /home/u108/u108061127/ICLAB/HW/HW4/EE4292_HW4_2022/hdl/spy
#     SpyGlass Version : SpyGlass_vR-2020.12-SP2
#     Policy Name      : SpyGlass(SpyGlass_vR-2020.12-SP2)
#                        auto-verify(SpyGlass_vR-2020.12-SP2)
#                        erc(SpyGlass_vR-2020.12-SP2)
#                        latch(SpyGlass_vR-2020.12-SP2)
#                        lint(SpyGlass_vR-2020.12-SP2)
#                        morelint(SpyGlass_vR-2020.12-SP2)
#                        openmore(SpyGlass_vR-2020.12-SP2)
#                        simulation(SpyGlass_vR-2020.12-SP2)
#                        starc(SpyGlass_vR-2020.12-SP2)
#                        starc2005(SpyGlass_vR-2020.12-SP2)
#
#     Total Number of Generated Primary Messages   :          9
#     Total Number of Generated Secondary Messages :         17
#     Number of Waived Primary Messages            :          0
#     Number of Waived Secondary Messages          :          0
#     Number of Reported Primary Messages          :          9
#     Number of Overlimit Messages                 :          0
#
#
################################################################################

++++++++++++++++++++++++++++++++++++++++++++++++++++++++++++++++++++++++++++++++++++++++++++++++++++++++++++++++
MORESIMPLE REPORT:


############### BuiltIn -> RuleGroup=Command-line read ###############
++++++++++++++++++++++++++++++++++++++++++++++++++++++++++++++++++++++++++++++++++++++++++++++++++++++++++++++++++++++++
ID       Rule                     Alias          Severity    File    Line    Wt    Secondary Msg Count    Message
========================================================================================================================
[0]      checkCMD_unset_option    UnsetOption    Warning     N.A.    0       10    NA                     Option/Parameter 'enable_save_restore': Feature 'save-restore' is not supported with option 'policy=auto-verify'.Disabling all 'save-restore' related options
+++++++++++++++++++++++++++++++++++++++++++++++++++++++++++++++++++++++++++++++++++++++++++++++++++++++++++++++++++++++


############### BuiltIn -> RuleGroup=Design Read ###############
++++++++++++++++++++++++++++++++++++++++++++++++++++++++++++++++++++++++++++++++++++++++++++++++++++++++++++++++++++++++
ID       Rule                    Alias                   Severity    File                                                                           Line    Wt    Secondary Msg Count    Message
========================================================================================================================
[3]      DetectTopDesignUnits    DetectTopDesignUnits    Info        ../qrcode_decoder.v                                                            6       2     NA                     Module qrcode_decoder is a top level design unit
[2]      ElabSummary             ElabSummary             Info        ./spyglass-1/lint/lint_turbo_rtl/spyglass_reports/SpyGlass/elab_summary.rpt    0       2     NA                     Please refer file './spyglass-1/lint/lint_turbo_rtl/spyglass_reports/SpyGlass/elab_summary.rpt' for elab summary report
[1]      TurboModeStatus         TurboModeStatus         Info        N.A.                                                                           0       10    NA                     Turbo-Mode is enabled in the current run as turbo_struct license feature successfully checked out
+++++++++++++++++++++++++++++++++++++++++++++++++++++++++++++++++++++++++++++++++++++++++++++++++++++++++++++++++++++++


############### Non-BuiltIn -> Goal=lint/lint_turbo_rtl ###############
++++++++++++++++++++++++++++++++++++++++++++++++++++++++++++++++++++++++++++++++++++++++++++++++++++++++++++++++++++++++
ID       Rule     Alias    Severity    File                   Line    Wt    Secondary Msg Count    Message
========================================================================================================================
[18]     W415a             Warning     ../qrcode_decoder.v    92      5     5                      Signal n_state is being assigned 5 times inside module 'qrcode_decoder'. Please refer to the spreadsheet for details
[16]     W415a             Warning     ../qrcode_decoder.v    93      5     4                      Signal n_loc_x is being assigned 4 times inside module 'qrcode_decoder'. Please refer to the spreadsheet for details
[14]     W415a             Warning     ../qrcode_decoder.v    94      5     4                      Signal n_loc_y is being assigned 4 times inside module 'qrcode_decoder'. Please refer to the spreadsheet for details
[12]     W415a             Warning     ../qrcode_decoder.v    95      5     4                      Signal n_sram_raddr is being assigned 4 times inside module 'qrcode_decoder'. Please refer to the spreadsheet for details
[19]     W415a             Warning     ../qrcode_decoder.v    547     5     NA                     Signal length[0:7] is being assigned multiple times ( previous assignment at line 544 ) in same always block [Hierarchy: ':qrcode_decoder']
+++++++++++++++++++++++++++++++++++++++++++++++++++++++++++++++++++++++++++++++++++++++++++++++++++++++++++++++++++++++

################################################################################
#
# This file has been generated by SpyGlass:
#     Report Name      : moresimple
#     Report Created by: u108061127
#     Report Created on:  Sat Nov 19 17:43:05 2022
#     Working Directory: /home/u108/u108061127/ICLAB/HW/HW4/EE4292_HW4_2022/hdl/spy
#     SpyGlass Version : SpyGlass_vR-2020.12-SP2
#     Policy Name      : SpyGlass(SpyGlass_vR-2020.12-SP2)
#                        auto-verify(SpyGlass_vR-2020.12-SP2)
#
#     Total Number of Generated Messages :          4
#     Number of Waived Messages          :          0
#     Number of Reported Messages        :          4
#     Number of Overlimit Messages       :          0
#
#
################################################################################

+++++++++++++++++++++++++++++++++++++++++++++++++++++++++++++++++++++++
MORESIMPLE REPORT:
############### FATAL MESSAGES ############### 
+++++++++++++++++++++++++++++++++++++++++++++++++++++++++++++++++++++++++++++++++
ID       Rule         Alias    Severity    File                   Line    Wt    Message
======================================================================================
[3]      Av_init01             Fatal       ../qrcode_decoder.v    6       10    Could not find clocks for all the flops. Please add clock SGDC constraint to the design
+++++++++++++++++++++++++++++++++++++++++++++++++++++++++++++++++++++++++++++++++++++++


############### BuiltIn -> RuleGroup=Command-line read ###############
+++++++++++++++++++++++++++++++++++++++++++++++++++++++++++++++++++++++++++++++++++++++
ID       Rule                     Alias          Severity    File    Line    Wt    Message
======================================================================================
[0]      checkCMD_unset_option    UnsetOption    Warning     N.A.    0       10    Option/Parameter 'enable_save_restore': Feature 'save-restore' is not supported with option 'policy=auto-verify'.Disabling all 'save-restore' related options
+++++++++++++++++++++++++++++++++++++++++++++++++++++++++++++++++++++++++++++++++++++++


############### BuiltIn -> RuleGroup=Design Read ###############
+++++++++++++++++++++++++++++++++++++++++++++++++++++++++++++++++++++++++++++++++++++++
ID       Rule                    Alias                   Severity    File                                                                                Line    Wt    Message
======================================================================================
[2]      DetectTopDesignUnits    DetectTopDesignUnits    Info        ../qrcode_decoder.v                                                                 6       2     Module qrcode_decoder is a top level design unit
[1]      ElabSummary             ElabSummary             Info        ./spyglass-1/lint/lint_functional_rtl/spyglass_reports/SpyGlass/elab_summary.rpt    0       2     Please refer file './spyglass-1/lint/lint_functional_rtl/spyglass_reports/SpyGlass/elab_summary.rpt' for elab summary report
+++++++++++++++++++++++++++++++++++++++++++++++++++++++++++++++++++++++++++++++++++++++

################################################################################
#
# This file has been generated by SpyGlass:
#     Report Name      : moresimple
#     Report Created by: u108061127
#     Report Created on:  Sat Nov 19 17:43:13 2022
#     Working Directory: /home/u108/u108061127/ICLAB/HW/HW4/EE4292_HW4_2022/hdl/spy
#     SpyGlass Version : SpyGlass_vR-2020.12-SP2
#     Policy Name      : SpyGlass(SpyGlass_vR-2020.12-SP2)
#                        lint(SpyGlass_vR-2020.12-SP2)
#
#     Total Number of Generated Messages :          3
#     Number of Waived Messages          :          0
#     Number of Reported Messages        :          3
#     Number of Overlimit Messages       :          0
#
#
################################################################################

+++++++++++++++++++++++++++++++++++++++++++++++++++++++++++++++++++++++
MORESIMPLE REPORT:


############### BuiltIn -> RuleGroup=Design Read ###############
+++++++++++++++++++++++++++++++++++++++++++++++++++++++++++++++++++++++++++++++++++++++
ID       Rule                    Alias                   Severity    File                                                                          Line    Wt    Message
======================================================================================
[1]      DetectTopDesignUnits    DetectTopDesignUnits    Info        ../qrcode_decoder.v                                                           6       2     Module qrcode_decoder is a top level design unit
[0]      ElabSummary             ElabSummary             Info        ./spyglass-1/lint/lint_abstract/spyglass_reports/SpyGlass/elab_summary.rpt    0       2     Please refer file './spyglass-1/lint/lint_abstract/spyglass_reports/SpyGlass/elab_summary.rpt' for elab summary report
+++++++++++++++++++++++++++++++++++++++++++++++++++++++++++++++++++++++++++++++++++++++


############### Non-BuiltIn -> Goal=lint/lint_abstract ###############
+++++++++++++++++++++++++++++++++++++++++++++++++++++++++++++++++++++++++++++++++++++++
ID       Rule               Alias    Severity    File                                                                                                Line    Wt    Message
======================================================================================
[2]      LINT_abstract01             Info        ./spyglass-1/lint/lint_abstract/spyglass_reports/abstract_view/qrcode_decoder_lint_abstract.sgdc    0       2     Abstract view for design 'qrcode_decoder' succesfully created
+++++++++++++++++++++++++++++++++++++++++++++++++++++++++++++++++++++++++++++++++++++++
