 
****************************************
Report : area
Design : rop3_smart
Version: R-2020.09-SP5
Date   : Tue Nov  1 14:11:18 2022
****************************************

Library(s) Used:

    slow_vdd1v2 (File: /usr/cadtool/GPDK45/gsclib045_svt_v4.4/gsclib045/db/slow_vdd1v2_basicCells_wl.db)

Number of ports:                          116
Number of nets:                           689
Number of cells:                          616
Number of combinational cells:            451
Number of sequential cells:               152
Number of macros/black boxes:               0
Number of buf/inv:                        144
Number of references:                      26

Combinational area:                662.454015
Buf/Inv area:                      105.678002
Noncombinational area:             858.078019
Macro/Black Box area:                0.000000
Net Interconnect area:               0.000000

Total cell area:                  1520.532034
Total area:                       1520.532034

Hierarchical area distribution
------------------------------

                                  Global cell area          Local cell area
                                  ------------------  --------------------------- 
Hierarchical cell                 Absolute   Percent  Combi-    Noncombi-  Black-
                                  Total      Total    national  national   boxes   Design
--------------------------------  ---------  -------  --------  ---------  ------  -------------------------------------------
rop3_smart                        1520.5320    100.0  641.9340   768.8160  0.0000  rop3_smart
clk_gate_D_reg                       6.8400      0.4    1.3680     5.4720  0.0000  SNPS_CLOCK_GATE_HIGH_rop3_smart_mydesign_0
clk_gate_D_reg_0                     6.8400      0.4    1.3680     5.4720  0.0000  SNPS_CLOCK_GATE_HIGH_rop3_smart_mydesign_11
clk_gate_D_reg_1                     6.8400      0.4    1.3680     5.4720  0.0000  SNPS_CLOCK_GATE_HIGH_rop3_smart_mydesign_10
clk_gate_D_reg_2                     6.8400      0.4    1.3680     5.4720  0.0000  SNPS_CLOCK_GATE_HIGH_rop3_smart_mydesign_9
clk_gate_P_reg                       6.8400      0.4    1.3680     5.4720  0.0000  SNPS_CLOCK_GATE_HIGH_rop3_smart_mydesign_4
clk_gate_P_reg_0                     6.8400      0.4    1.3680     5.4720  0.0000  SNPS_CLOCK_GATE_HIGH_rop3_smart_mydesign_3
clk_gate_P_reg_1                     6.8400      0.4    1.3680     5.4720  0.0000  SNPS_CLOCK_GATE_HIGH_rop3_smart_mydesign_2
clk_gate_P_reg_2                     6.8400      0.4    1.3680     5.4720  0.0000  SNPS_CLOCK_GATE_HIGH_rop3_smart_mydesign_1
clk_gate_S_reg                       6.8400      0.4    1.3680     5.4720  0.0000  SNPS_CLOCK_GATE_HIGH_rop3_smart_mydesign_8
clk_gate_S_reg_0                     6.8400      0.4    1.3680     5.4720  0.0000  SNPS_CLOCK_GATE_HIGH_rop3_smart_mydesign_7
clk_gate_S_reg_1                     6.8400      0.4    1.3680     5.4720  0.0000  SNPS_CLOCK_GATE_HIGH_rop3_smart_mydesign_6
clk_gate_S_reg_2                     6.8400      0.4    1.3680     5.4720  0.0000  SNPS_CLOCK_GATE_HIGH_rop3_smart_mydesign_5
fsm_U0                              27.7020      1.8    4.1040    23.5980  0.0000  fsm
--------------------------------  ---------  -------  --------  ---------  ------  -------------------------------------------
Total                                                 662.4540   858.0780  0.0000

1
