
################################################################################
#
# This file has been generated by SpyGlass:
#     Report Name      : moresimple
#     Report Created by: u108061127
#     Report Created on:  Thu Dec  8 23:18:29 2022
#     Working Directory: /home/u108/u108061127/ICLAB/HW/HW5/EE4292_HW5_2022/hdl/spy
#     SpyGlass Version : SpyGlass_vR-2020.12-SP2
#     Policy Name      : SpyGlass(SpyGlass_vR-2020.12-SP2)
#                        clock-reset(SpyGlass_vR-2020.12-SP2)
#                        erc(SpyGlass_vR-2020.12-SP2)
#                        latch(SpyGlass_vR-2020.12-SP2)
#                        lint(SpyGlass_vR-2020.12-SP2)
#                        morelint(SpyGlass_vR-2020.12-SP2)
#                        openmore(SpyGlass_vR-2020.12-SP2)
#                        power_est(SpyGlass_vR-2020.12-SP2)
#                        simulation(SpyGlass_vR-2020.12-SP2)
#                        starc(SpyGlass_vR-2020.12-SP2)
#                        starc2005(SpyGlass_vR-2020.12-SP2)
#                        txv(SpyGlass_vR-2020.12-SP2)
#
#     Total Number of Generated Messages :         65
#     Number of Waived Messages          :          0
#     Number of Reported Messages        :         65
#     Number of Overlimit Messages       :          0
#
#
################################################################################

+++++++++++++++++++++++++++++++++++++++++++++++++++++++++++++++++++++++
MORESIMPLE REPORT:


############### BuiltIn -> RuleGroup=Design Read ###############
+++++++++++++++++++++++++++++++++++++++++++++++++++++++++++++++++++++++++++++++++++++++
ID       Rule                    Alias                   Severity    File                                                                     Line    Wt    Message
======================================================================================
[1]      DetectTopDesignUnits    DetectTopDesignUnits    Info        ../Convnet_top.v                                                         6       2     Module Convnet_top is a top level design unit
[0]      ElabSummary             ElabSummary             Info        ./spyglass-1/lint/lint_rtl/spyglass_reports/SpyGlass/elab_summary.rpt    0       2     Please refer file './spyglass-1/lint/lint_rtl/spyglass_reports/SpyGlass/elab_summary.rpt' for elab summary report
+++++++++++++++++++++++++++++++++++++++++++++++++++++++++++++++++++++++++++++++++++++++


############### Non-BuiltIn -> Goal=lint/lint_rtl ###############
+++++++++++++++++++++++++++++++++++++++++++++++++++++++++++++++++++++++++++++++++++++++
ID       Rule     Alias    Severity    File                Line    Wt    Message
======================================================================================
[2]      W263              Warning     ../Convnet_top.v    209     5     Case label (IDLE) width (4) does not match selector (state) width (3).[Hierarchy: ':Convnet_top']
[3]      W263              Warning     ../Convnet_top.v    214     5     Case label (PREP) width (4) does not match selector (state) width (3).[Hierarchy: ':Convnet_top']
[4]      W263              Warning     ../Convnet_top.v    220     5     Case label (CONV1_dw) width (4) does not match selector (state) width (3).[Hierarchy: ':Convnet_top']
[5]      W263              Warning     ../Convnet_top.v    228     5     Case label (CONV1_pw) width (4) does not match selector (state) width (3).[Hierarchy: ':Convnet_top']
[6]      W263              Warning     ../Convnet_top.v    236     5     Case label (CONV2_dw) width (4) does not match selector (state) width (3).[Hierarchy: ':Convnet_top']
[7]      W263              Warning     ../Convnet_top.v    244     5     Case label (CONV2_pw) width (4) does not match selector (state) width (3).[Hierarchy: ':Convnet_top']
[8]      W263              Warning     ../Convnet_top.v    252     5     Case label (CONV3_pl) width (4) does not match selector (state) width (3).[Hierarchy: ':Convnet_top']
[9]      W263              Warning     ../Convnet_top.v    271     5     Case label (IDLE) width (4) does not match selector (state) width (3).[Hierarchy: ':Convnet_top']
[A]      W263              Warning     ../Convnet_top.v    274     5     Case label (PREP) width (4) does not match selector (state) width (3).[Hierarchy: ':Convnet_top']
[B]      W263              Warning     ../Convnet_top.v    277     5     Case label (CONV1_dw) width (4) does not match selector (state) width (3).[Hierarchy: ':Convnet_top']
[C]      W263              Warning     ../Convnet_top.v    281     5     Case label (CONV1_pw) width (4) does not match selector (state) width (3).[Hierarchy: ':Convnet_top']
[D]      W263              Warning     ../Convnet_top.v    285     5     Case label (CONV2_dw) width (4) does not match selector (state) width (3).[Hierarchy: ':Convnet_top']
[E]      W263              Warning     ../Convnet_top.v    289     5     Case label (CONV2_pw) width (4) does not match selector (state) width (3).[Hierarchy: ':Convnet_top']
[F]      W263              Warning     ../Convnet_top.v    293     5     Case label (CONV3_pl) width (4) does not match selector (state) width (3).[Hierarchy: ':Convnet_top']
[10]     W263              Warning     ../Convnet_top.v    305     5     Case label (IDLE) width (4) does not match selector (state) width (3).[Hierarchy: ':Convnet_top']
[11]     W263              Warning     ../Convnet_top.v    324     5     Case label (PREP) width (4) does not match selector (state) width (3).[Hierarchy: ':Convnet_top']
[12]     W263              Warning     ../Convnet_top.v    343     5     Case label (CONV1_dw) width (4) does not match selector (state) width (3).[Hierarchy: ':Convnet_top']
[13]     W263              Warning     ../Convnet_top.v    467     5     Case label (CONV1_pw) width (4) does not match selector (state) width (3).[Hierarchy: ':Convnet_top']
[14]     W263              Warning     ../Convnet_top.v    672     5     Case label (CONV2_dw) width (4) does not match selector (state) width (3).[Hierarchy: ':Convnet_top']
[15]     W263              Warning     ../Convnet_top.v    789     5     Case label (CONV2_pw) width (4) does not match selector (state) width (3).[Hierarchy: ':Convnet_top']
[16]     W263              Warning     ../Convnet_top.v    1027    5     Case label (CONV3_pl) width (4) does not match selector (state) width (3).[Hierarchy: ':Convnet_top']
[17]     W263              Warning     ../Convnet_top.v    1197    5     Case label (IDLE) width (4) does not match selector (state) width (3).[Hierarchy: ':Convnet_top']
[18]     W263              Warning     ../Convnet_top.v    1216    5     Case label (PREP) width (4) does not match selector (state) width (3).[Hierarchy: ':Convnet_top']
[19]     W263              Warning     ../Convnet_top.v    1235    5     Case label (CONV1_dw) width (4) does not match selector (state) width (3).[Hierarchy: ':Convnet_top']
[1A]     W263              Warning     ../Convnet_top.v    1435    5     Case label (CONV1_pw) width (4) does not match selector (state) width (3).[Hierarchy: ':Convnet_top']
[1B]     W263              Warning     ../Convnet_top.v    1472    5     Case label (CONV2_dw) width (4) does not match selector (state) width (3).[Hierarchy: ':Convnet_top']
[1C]     W263              Warning     ../Convnet_top.v    1632    5     Case label (CONV2_pw) width (4) does not match selector (state) width (3).[Hierarchy: ':Convnet_top']
[1D]     W263              Warning     ../Convnet_top.v    1674    5     Case label (CONV3_pl) width (4) does not match selector (state) width (3).[Hierarchy: ':Convnet_top']
[1E]     W263              Warning     ../Convnet_top.v    2013    5     Case label (IDLE) width (4) does not match selector (state) width (3).[Hierarchy: ':Convnet_top']
[1F]     W263              Warning     ../Convnet_top.v    2016    5     Case label (PREP) width (4) does not match selector (state) width (3).[Hierarchy: ':Convnet_top']
[20]     W263              Warning     ../Convnet_top.v    2074    5     Case label (CONV1_dw) width (4) does not match selector (state) width (3).[Hierarchy: ':Convnet_top']
[21]     W263              Warning     ../Convnet_top.v    2128    5     Case label (CONV1_pw) width (4) does not match selector (state) width (3).[Hierarchy: ':Convnet_top']
[22]     W263              Warning     ../Convnet_top.v    2159    5     Case label (CONV2_dw) width (4) does not match selector (state) width (3).[Hierarchy: ':Convnet_top']
[23]     W263              Warning     ../Convnet_top.v    2201    5     Case label (CONV2_pw) width (4) does not match selector (state) width (3).[Hierarchy: ':Convnet_top']
[24]     W263              Warning     ../Convnet_top.v    2313    5     Case label (CONV3_pl) width (4) does not match selector (state) width (3).[Hierarchy: ':Convnet_top']
[25]     W263              Warning     ../Convnet_top.v    2486    5     Case label (IDLE) width (4) does not match selector (state) width (3).[Hierarchy: ':Convnet_top']
[26]     W263              Warning     ../Convnet_top.v    2489    5     Case label (PREP) width (4) does not match selector (state) width (3).[Hierarchy: ':Convnet_top']
[27]     W263              Warning     ../Convnet_top.v    2513    5     Case label (CONV1_dw) width (4) does not match selector (state) width (3).[Hierarchy: ':Convnet_top']
[28]     W263              Warning     ../Convnet_top.v    2537    5     Case label (CONV1_pw) width (4) does not match selector (state) width (3).[Hierarchy: ':Convnet_top']
[29]     W263              Warning     ../Convnet_top.v    2562    5     Case label (CONV2_dw) width (4) does not match selector (state) width (3).[Hierarchy: ':Convnet_top']
[2A]     W263              Warning     ../Convnet_top.v    2616    5     Case label (CONV2_pw) width (4) does not match selector (state) width (3).[Hierarchy: ':Convnet_top']
[2B]     W263              Warning     ../Convnet_top.v    2719    5     Case label (CONV3_pl) width (4) does not match selector (state) width (3).[Hierarchy: ':Convnet_top']
[2C]     W415a             Warning     ../Convnet_top.v    454     5     Signal n_sram_raddr_a0 is being assigned multiple times ( previous assignment at line 422 ) in same always block [Hierarchy: ':Convnet_top']
[2D]     W415a             Warning     ../Convnet_top.v    455     5     Signal n_sram_raddr_a1 is being assigned multiple times ( previous assignment at line 423 ) in same always block [Hierarchy: ':Convnet_top']
[2E]     W415a             Warning     ../Convnet_top.v    456     5     Signal n_sram_raddr_a2 is being assigned multiple times ( previous assignment at line 424 ) in same always block [Hierarchy: ':Convnet_top']
[2F]     W415a             Warning     ../Convnet_top.v    457     5     Signal n_sram_raddr_a3 is being assigned multiple times ( previous assignment at line 425 ) in same always block [Hierarchy: ':Convnet_top']
[30]     W415a             Warning     ../Convnet_top.v    496     5     Signal n_sram_wen_a2 is being assigned multiple times ( assignment within same for-loop ) in same always block [Hierarchy: ':Convnet_top']
[31]     W415a             Warning     ../Convnet_top.v    525     5     Signal n_sram_wen_a3 is being assigned multiple times ( assignment within same for-loop ) in same always block [Hierarchy: ':Convnet_top']
[32]     W415a             Warning     ../Convnet_top.v    583     5     Signal n_sram_wen_a1 is being assigned multiple times ( assignment within same for-loop ) in same always block [Hierarchy: ':Convnet_top']
[33]     W415a             Warning     ../Convnet_top.v    777     5     Signal n_sram_raddr_a0 is being assigned multiple times ( previous assignment at line 745 ) in same always block [Hierarchy: ':Convnet_top']
[34]     W415a             Warning     ../Convnet_top.v    778     5     Signal n_sram_raddr_a1 is being assigned multiple times ( previous assignment at line 746 ) in same always block [Hierarchy: ':Convnet_top']
[35]     W415a             Warning     ../Convnet_top.v    779     5     Signal n_sram_raddr_a2 is being assigned multiple times ( previous assignment at line 747 ) in same always block [Hierarchy: ':Convnet_top']
[36]     W415a             Warning     ../Convnet_top.v    780     5     Signal n_sram_raddr_a3 is being assigned multiple times ( previous assignment at line 748 ) in same always block [Hierarchy: ':Convnet_top']
[37]     W415a             Warning     ../Convnet_top.v    820     5     Signal n_sram_wen_a2 is being assigned multiple times ( assignment within same for-loop ) in same always block [Hierarchy: ':Convnet_top']
[38]     W415a             Warning     ../Convnet_top.v    849     5     Signal n_sram_wen_a3 is being assigned multiple times ( assignment within same for-loop ) in same always block [Hierarchy: ':Convnet_top']
[39]     W415a             Warning     ../Convnet_top.v    878     5     Signal n_sram_wen_a0 is being assigned multiple times ( assignment within same for-loop ) in same always block [Hierarchy: ':Convnet_top']
[3A]     W415a             Warning     ../Convnet_top.v    907     5     Signal n_sram_wen_a1 is being assigned multiple times ( assignment within same for-loop ) in same always block [Hierarchy: ':Convnet_top']
[3B]     W415a             Warning     ../Convnet_top.v    1651    5     Signal n_sram_raddr_b0 is being assigned multiple times ( previous assignment at line 1645 ) in same always block [Hierarchy: ':Convnet_top']
[3C]     W415a             Warning     ../Convnet_top.v    1652    5     Signal n_sram_raddr_b1 is being assigned multiple times ( previous assignment at line 1646 ) in same always block [Hierarchy: ':Convnet_top']
[3D]     W415a             Warning     ../Convnet_top.v    1653    5     Signal n_sram_raddr_b2 is being assigned multiple times ( previous assignment at line 1647 ) in same always block [Hierarchy: ':Convnet_top']
[3E]     W415a             Warning     ../Convnet_top.v    1654    5     Signal n_sram_raddr_b3 is being assigned multiple times ( previous assignment at line 1648 ) in same always block [Hierarchy: ':Convnet_top']
[3F]     W415a             Warning     ../Convnet_top.v    2078    5     Signal n_sram_raddr_weight is being assigned multiple times ( previous assignment at line 2076 ) in same always block [Hierarchy: ':Convnet_top']
[40]     W415a             Warning     ../Convnet_top.v    2516    5     Signal n_sram_raddr_bias is being assigned multiple times ( previous assignment at line 2515 ) in same always block [Hierarchy: ':Convnet_top']
+++++++++++++++++++++++++++++++++++++++++++++++++++++++++++++++++++++++++++++++++++++++

################################################################################
#
# This file has been generated by SpyGlass:
#     Report Name      : moresimple
#     Report Created by: u108061127
#     Report Created on: Thu Dec  8 23:19:02 2022
#     Working Directory: /home/u108/u108061127/ICLAB/HW/HW5/EE4292_HW5_2022/hdl/spy
#     SpyGlass Version : SpyGlass_vR-2020.12-SP2
#     Policy Name      : SpyGlass(SpyGlass_vR-2020.12-SP2)
#                        auto-verify(SpyGlass_vR-2020.12-SP2)
#                        erc(SpyGlass_vR-2020.12-SP2)
#                        latch(SpyGlass_vR-2020.12-SP2)
#                        lint(SpyGlass_vR-2020.12-SP2)
#                        morelint(SpyGlass_vR-2020.12-SP2)
#                        openmore(SpyGlass_vR-2020.12-SP2)
#                        simulation(SpyGlass_vR-2020.12-SP2)
#                        starc(SpyGlass_vR-2020.12-SP2)
#                        starc2005(SpyGlass_vR-2020.12-SP2)
#
#     Total Number of Generated Primary Messages   :         20
#     Total Number of Generated Secondary Messages :         50
#     Number of Waived Primary Messages            :          0
#     Number of Waived Secondary Messages          :          0
#     Number of Reported Primary Messages          :         20
#     Number of Overlimit Messages                 :          0
#
#
################################################################################

++++++++++++++++++++++++++++++++++++++++++++++++++++++++++++++++++++++++++++++++++++++++++++++++++++++++++++++++
MORESIMPLE REPORT:


############### BuiltIn -> RuleGroup=Command-line read ###############
++++++++++++++++++++++++++++++++++++++++++++++++++++++++++++++++++++++++++++++++++++++++++++++++++++++++++++++++++++++++
ID       Rule                     Alias          Severity    File    Line    Wt    Secondary Msg Count    Message
========================================================================================================================
[0]      checkCMD_unset_option    UnsetOption    Warning     N.A.    0       10    NA                     Option/Parameter 'enable_save_restore': Feature 'save-restore' is not supported with option 'policy=auto-verify'.Disabling all 'save-restore' related options
+++++++++++++++++++++++++++++++++++++++++++++++++++++++++++++++++++++++++++++++++++++++++++++++++++++++++++++++++++++++


############### BuiltIn -> RuleGroup=Design Read ###############
++++++++++++++++++++++++++++++++++++++++++++++++++++++++++++++++++++++++++++++++++++++++++++++++++++++++++++++++++++++++
ID       Rule                    Alias                   Severity    File                                                                           Line    Wt    Secondary Msg Count    Message
========================================================================================================================
[3]      DetectTopDesignUnits    DetectTopDesignUnits    Info        ../Convnet_top.v                                                               6       2     NA                     Module Convnet_top is a top level design unit
[2]      ElabSummary             ElabSummary             Info        ./spyglass-1/lint/lint_turbo_rtl/spyglass_reports/SpyGlass/elab_summary.rpt    0       2     NA                     Please refer file './spyglass-1/lint/lint_turbo_rtl/spyglass_reports/SpyGlass/elab_summary.rpt' for elab summary report
[1]      TurboModeStatus         TurboModeStatus         Info        N.A.                                                                           0       10    NA                     Turbo-Mode is enabled in the current run as turbo_struct license feature successfully checked out
+++++++++++++++++++++++++++++++++++++++++++++++++++++++++++++++++++++++++++++++++++++++++++++++++++++++++++++++++++++++


############### Non-BuiltIn -> Goal=lint/lint_turbo_rtl ###############
++++++++++++++++++++++++++++++++++++++++++++++++++++++++++++++++++++++++++++++++++++++++++++++++++++++++++++++++++++++++
ID       Rule     Alias    Severity    File                Line    Wt    Secondary Msg Count    Message
========================================================================================================================
[B]      W263              Warning     ../Convnet_top.v    208     5     7                      '7' case label width does not match case selector width of module 'Convnet_top' at line '208'
[13]     W263              Warning     ../Convnet_top.v    270     5     7                      '7' case label width does not match case selector width of module 'Convnet_top' at line '270'
[1B]     W263              Warning     ../Convnet_top.v    304     5     7                      '7' case label width does not match case selector width of module 'Convnet_top' at line '304'
[23]     W263              Warning     ../Convnet_top.v    1196    5     7                      '7' case label width does not match case selector width of module 'Convnet_top' at line '1196'
[2B]     W263              Warning     ../Convnet_top.v    2012    5     7                      '7' case label width does not match case selector width of module 'Convnet_top' at line '2012'
[33]     W263              Warning     ../Convnet_top.v    2485    5     7                      '7' case label width does not match case selector width of module 'Convnet_top' at line '2485'
[39]     W415a             Warning     ../Convnet_top.v    454     5     2                      Signal n_sram_raddr_a0 is being assigned 2 times inside module 'Convnet_top'. Please refer to the spreadsheet for details
[3B]     W415a             Warning     ../Convnet_top.v    455     5     2                      Signal n_sram_raddr_a1 is being assigned 2 times inside module 'Convnet_top'. Please refer to the spreadsheet for details
[3D]     W415a             Warning     ../Convnet_top.v    456     5     2                      Signal n_sram_raddr_a2 is being assigned 2 times inside module 'Convnet_top'. Please refer to the spreadsheet for details
[3F]     W415a             Warning     ../Convnet_top.v    457     5     2                      Signal n_sram_raddr_a3 is being assigned 2 times inside module 'Convnet_top'. Please refer to the spreadsheet for details
[40]     W415a             Warning     ../Convnet_top.v    1651    5     NA                     Signal n_sram_raddr_b0 is being assigned multiple times ( previous assignment at line 1645 ) in same always block [Hierarchy: ':Convnet_top']
[41]     W415a             Warning     ../Convnet_top.v    1652    5     NA                     Signal n_sram_raddr_b1 is being assigned multiple times ( previous assignment at line 1646 ) in same always block [Hierarchy: ':Convnet_top']
[42]     W415a             Warning     ../Convnet_top.v    1653    5     NA                     Signal n_sram_raddr_b2 is being assigned multiple times ( previous assignment at line 1647 ) in same always block [Hierarchy: ':Convnet_top']
[43]     W415a             Warning     ../Convnet_top.v    1654    5     NA                     Signal n_sram_raddr_b3 is being assigned multiple times ( previous assignment at line 1648 ) in same always block [Hierarchy: ':Convnet_top']
[44]     W415a             Warning     ../Convnet_top.v    2078    5     NA                     Signal n_sram_raddr_weight is being assigned multiple times ( previous assignment at line 2076 ) in same always block [Hierarchy: ':Convnet_top']
[45]     W415a             Warning     ../Convnet_top.v    2516    5     NA                     Signal n_sram_raddr_bias is being assigned multiple times ( previous assignment at line 2515 ) in same always block [Hierarchy: ':Convnet_top']
+++++++++++++++++++++++++++++++++++++++++++++++++++++++++++++++++++++++++++++++++++++++++++++++++++++++++++++++++++++++

################################################################################
#
# This file has been generated by SpyGlass:
#     Report Name      : moresimple
#     Report Created by: u108061127
#     Report Created on:  Thu Dec  8 23:19:28 2022
#     Working Directory: /home/u108/u108061127/ICLAB/HW/HW5/EE4292_HW5_2022/hdl/spy
#     SpyGlass Version : SpyGlass_vR-2020.12-SP2
#     Policy Name      : SpyGlass(SpyGlass_vR-2020.12-SP2)
#                        auto-verify(SpyGlass_vR-2020.12-SP2)
#
#     Total Number of Generated Messages :          4
#     Number of Waived Messages          :          0
#     Number of Reported Messages        :          4
#     Number of Overlimit Messages       :          0
#
#
################################################################################

+++++++++++++++++++++++++++++++++++++++++++++++++++++++++++++++++++++++
MORESIMPLE REPORT:
############### FATAL MESSAGES ############### 
+++++++++++++++++++++++++++++++++++++++++++++++++++++++++++++++++++++++++++++++++
ID       Rule         Alias    Severity    File                Line    Wt    Message
======================================================================================
[3]      Av_init01             Fatal       ../Convnet_top.v    6       10    Could not find clocks for all the flops. Please add clock SGDC constraint to the design
+++++++++++++++++++++++++++++++++++++++++++++++++++++++++++++++++++++++++++++++++++++++


############### BuiltIn -> RuleGroup=Command-line read ###############
+++++++++++++++++++++++++++++++++++++++++++++++++++++++++++++++++++++++++++++++++++++++
ID       Rule                     Alias          Severity    File    Line    Wt    Message
======================================================================================
[0]      checkCMD_unset_option    UnsetOption    Warning     N.A.    0       10    Option/Parameter 'enable_save_restore': Feature 'save-restore' is not supported with option 'policy=auto-verify'.Disabling all 'save-restore' related options
+++++++++++++++++++++++++++++++++++++++++++++++++++++++++++++++++++++++++++++++++++++++


############### BuiltIn -> RuleGroup=Design Read ###############
+++++++++++++++++++++++++++++++++++++++++++++++++++++++++++++++++++++++++++++++++++++++
ID       Rule                    Alias                   Severity    File                                                                                Line    Wt    Message
======================================================================================
[2]      DetectTopDesignUnits    DetectTopDesignUnits    Info        ../Convnet_top.v                                                                    6       2     Module Convnet_top is a top level design unit
[1]      ElabSummary             ElabSummary             Info        ./spyglass-1/lint/lint_functional_rtl/spyglass_reports/SpyGlass/elab_summary.rpt    0       2     Please refer file './spyglass-1/lint/lint_functional_rtl/spyglass_reports/SpyGlass/elab_summary.rpt' for elab summary report
+++++++++++++++++++++++++++++++++++++++++++++++++++++++++++++++++++++++++++++++++++++++

################################################################################
#
# This file has been generated by SpyGlass:
#     Report Name      : moresimple
#     Report Created by: u108061127
#     Report Created on:  Thu Dec  8 23:19:46 2022
#     Working Directory: /home/u108/u108061127/ICLAB/HW/HW5/EE4292_HW5_2022/hdl/spy
#     SpyGlass Version : SpyGlass_vR-2020.12-SP2
#     Policy Name      : SpyGlass(SpyGlass_vR-2020.12-SP2)
#                        lint(SpyGlass_vR-2020.12-SP2)
#
#     Total Number of Generated Messages :          3
#     Number of Waived Messages          :          0
#     Number of Reported Messages        :          3
#     Number of Overlimit Messages       :          0
#
#
################################################################################

+++++++++++++++++++++++++++++++++++++++++++++++++++++++++++++++++++++++
MORESIMPLE REPORT:


############### BuiltIn -> RuleGroup=Design Read ###############
+++++++++++++++++++++++++++++++++++++++++++++++++++++++++++++++++++++++++++++++++++++++
ID       Rule                    Alias                   Severity    File                                                                          Line    Wt    Message
======================================================================================
[1]      DetectTopDesignUnits    DetectTopDesignUnits    Info        ../Convnet_top.v                                                              6       2     Module Convnet_top is a top level design unit
[0]      ElabSummary             ElabSummary             Info        ./spyglass-1/lint/lint_abstract/spyglass_reports/SpyGlass/elab_summary.rpt    0       2     Please refer file './spyglass-1/lint/lint_abstract/spyglass_reports/SpyGlass/elab_summary.rpt' for elab summary report
+++++++++++++++++++++++++++++++++++++++++++++++++++++++++++++++++++++++++++++++++++++++


############### Non-BuiltIn -> Goal=lint/lint_abstract ###############
+++++++++++++++++++++++++++++++++++++++++++++++++++++++++++++++++++++++++++++++++++++++
ID       Rule               Alias    Severity    File                                                                                                                                            Line    Wt    Message
======================================================================================
[2]      LINT_abstract01             Info        ./spyglass-1/lint/lint_abstract/spyglass_reports/abstract_view/Convnet_top_ACT_PER_ADDR_4_BIAS_PER_ADDR_1_BW_PER_ACT_12_1_lint_abstract.sgdc    0       2     Abstract view for design 'Convnet_top' succesfully created
+++++++++++++++++++++++++++++++++++++++++++++++++++++++++++++++++++++++++++++++++++++++
